RR_Output_log
pro0 enter in ready queue
pro1 enter in ready queue
pro2 enter in ready queue
pro3 enter in ready queue
pro4 enter in ready queue
pro5 enter in ready queue
pro6 enter in ready queue
pro7 enter in ready queue
pro8 enter in ready queue
pro9 enter in ready queue
Process0leaving readyQueue at: 0.0
Process0entering ReadyQueue at: 90.0
Process1leaving readyQueue at: 90.0
Process1entering ReadyQueue at: 185.0
Process2leaving readyQueue at: 185.0
Process2entering ReadyQueue at: 285.0
Process3leaving readyQueue at: 285.0
Process3entering ReadyQueue at: 390.0
Process4leaving readyQueue at: 390.0
Process4entering ReadyQueue at: 500.0
Process5leaving readyQueue at: 500.0
Process5entering ReadyQueue at: 615.0
Process6leaving readyQueue at: 615.0
Process7leaving readyQueue at: 670.0
Process8leaving readyQueue at: 725.0
Process9leaving readyQueue at: 780.0
Process0leaving readyQueue at: 835.0
Process1leaving readyQueue at: 929.6483378377635
Process1entering IOQueue at: 1119.6483378377634
Process2leaving readyQueue at: 1119.6483378377634
Process2entering IOQueue at: 1319.6483378377634
Process3leaving readyQueue at: 1319.6483378377634
Process4leaving readyQueue at: 1434.8345307722136
Process5leaving readyQueue at: 1434.8345307722136
Process1leaving readyQueue at: 1600.426556574748
pro1 enter ready queue
Process1entering IOQueue at: 1885.426556574748
pro2 enter ready queue
Process2leaving readyQueue at: 1885.426556574748
pro1 enter ready queue
Process1leaving readyQueue at: 1885.426556574748
Process1entering IOQueue at: 2265.4265565747482
Process1leaving readyQueue at: 2265.4265565747482
pro1 enter ready queue
Process1entering IOQueue at: 2740.4265565747482
pro1 enter ready queue
Process1leaving readyQueue at: 2740.4265565747482
CPU utilization: 43.264490535727184 %
Throughput: 185.5112026079765 processes/minute
Average turnaround time: 0.005533768478911603 minutes/process
Average waiting time: 0.7510348991785714 minutes/process
