SJF_Output_alpha=0.5
pro0 enter in ready queue
pro1 enter in ready queue
pro2 enter in ready queue
pro3 enter in ready queue
pro4 enter in ready queue
pro5 enter in ready queue
pro6 enter in ready queue
pro7 enter in ready queue
pro8 enter in ready queue
pro9 enter in ready queue
Process0leaving readyQueue at: 0.0
Process0entering IOQueue at: 90.0
Process2leaving readyQueue at: 90.0
pro0 enter ready queue
Process2entering IOQueue at: 190.0
Process6leaving readyQueue at: 190.0
pro2 enter ready queue
Process6entering IOQueue at: 310.0
Process9leaving readyQueue at: 310.0
pro6 enter ready queue
Process9entering IOQueue at: 445.0
Process8leaving readyQueue at: 445.0
pro9 enter ready queue
Process8entering IOQueue at: 575.0
Process5leaving readyQueue at: 575.0
pro8 enter ready queue
Process5entering IOQueue at: 690.0
Process1leaving readyQueue at: 690.0
pro5 enter ready queue
Process1entering IOQueue at: 785.0
Process4leaving readyQueue at: 785.0
pro1 enter ready queue
Process4entering IOQueue at: 895.0
Process3leaving readyQueue at: 895.0
pro4 enter ready queue
Process3entering IOQueue at: 1000.0
Process7leaving readyQueue at: 1000.0
pro3 enter ready queue
Process7entering IOQueue at: 1125.0
Process3leaving readyQueue at: 1125.0
Process3entering IOQueue at: 1335.0
Process0leaving readyQueue at: 1335.0
pro7 enter ready queue
pro3 enter ready queue
Process0entering IOQueue at: 1515.0
Process7leaving readyQueue at: 1515.0
pro0 enter ready queue
Process7entering IOQueue at: 1765.0
Process0leaving readyQueue at: 1765.0
Process0entering IOQueue at: 2035.0
Process1leaving readyQueue at: 2035.0
pro7 enter ready queue
Process1entering IOQueue at: 2225.0
Process2leaving readyQueue at: 2225.0
pro0 enter ready queue
pro1 enter ready queue
Process2entering IOQueue at: 2425.0
Process1leaving readyQueue at: 2425.0
Process1entering IOQueue at: 2710.0
Process4leaving readyQueue at: 2710.0
Process5leaving readyQueue at: 2833.2759822631683
Process6leaving readyQueue at: 2986.643527776226
pro2 enter ready queue
pro1 enter ready queue
Process6entering IOQueue at: 3226.643527776226
Process2leaving readyQueue at: 3226.643527776226
Process8leaving readyQueue at: 3226.643527776226
Process9leaving readyQueue at: 3226.643527776226
Process3leaving readyQueue at: 3364.111510038514
Process7leaving readyQueue at: 3585.8756579801325
pro6 enter ready queue
Process7entering IOQueue at: 3960.8756579801325
Process6leaving readyQueue at: 3960.8756579801325
Process0leaving readyQueue at: 4257.933169136881
Process1leaving readyQueue at: 4257.933169136881
Process1entering IOQueue at: 4637.933169136881
pro7 enter ready queue
Process7leaving readyQueue at: 4637.933169136881
pro1 enter ready queue
Process7entering IOQueue at: 5137.933169136881
Process1leaving readyQueue at: 5137.933169136881
pro7 enter ready queue
Process7leaving readyQueue at: 5544.755279359681
CPU utilization: 40.66700025106124 %
Throughput: 98.75117850031417 processes/minute
Average turnaround time: 0.017852033707815556 minutes/process
Average waiting time: 0.003024270979571064 minutes/process
