SJF_Output_log
pro0 enter in ready queue
pro1 enter in ready queue
pro2 enter in ready queue
pro3 enter in ready queue
pro4 enter in ready queue
pro5 enter in ready queue
pro6 enter in ready queue
pro7 enter in ready queue
pro8 enter in ready queue
pro9 enter in ready queue
Process0leaving readyQueue at: 0.0
Process0entering IOQueue at: 90.0
Process2leaving readyQueue at: 90.0
pro0 enter ready queue
Process2entering IOQueue at: 190.0
Process6leaving readyQueue at: 190.0
Process9leaving readyQueue at: 190.0
pro2 enter ready queue
Process9entering IOQueue at: 325.0
Process8leaving readyQueue at: 325.0
pro9 enter ready queue
Process8entering IOQueue at: 455.0
Process5leaving readyQueue at: 455.0
pro8 enter ready queue
Process5entering IOQueue at: 570.0
Process7leaving readyQueue at: 570.0
pro5 enter ready queue
Process7entering IOQueue at: 695.0
Process1leaving readyQueue at: 695.0
Process4leaving readyQueue at: 695.0
pro7 enter ready queue
Process4entering IOQueue at: 805.0
Process3leaving readyQueue at: 805.0
pro4 enter ready queue
Process3entering IOQueue at: 910.0
Process4leaving readyQueue at: 910.0
pro3 enter ready queue
Process4entering IOQueue at: 1130.0
Process3leaving readyQueue at: 1130.0
pro4 enter ready queue
Process3entering IOQueue at: 1340.0
Process0leaving readyQueue at: 1340.0
Process0entering IOQueue at: 1520.0
Process2leaving readyQueue at: 1520.0
Process5leaving readyQueue at: 1520.0
pro3 enter ready queue
Process5entering IOQueue at: 1750.0
pro0 enter ready queue
Process0leaving readyQueue at: 1750.0
pro5 enter ready queue
Process0entering IOQueue at: 2020.0
Process5leaving readyQueue at: 2020.0
Process7leaving readyQueue at: 2260.6166102092157
pro0 enter ready queue
Process7entering IOQueue at: 2510.6166102092157
Process8leaving readyQueue at: 2510.6166102092157
Process9leaving readyQueue at: 2687.2421032943043
Process3leaving readyQueue at: 2687.2421032943043
pro7 enter ready queue
Process3entering IOQueue at: 3002.2421032943043
Process7leaving readyQueue at: 3002.2421032943043
Process4leaving readyQueue at: 3286.2631221229344
Process0leaving readyQueue at: 3516.9397629207556
Process0entering IOQueue at: 3876.9397629207556
pro3 enter ready queue
Process3leaving readyQueue at: 3876.9397629207556
pro0 enter ready queue
Process0leaving readyQueue at: 4214.279510067461
Process0entering IOQueue at: 4664.279510067461
pro0 enter ready queue
Process0leaving readyQueue at: 4664.279510067461
Process0entering IOQueue at: 5204.279510067461
pro0 enter ready queue
Process0leaving readyQueue at: 5204.279510067461
CPU utilization: 35.72029646784816 %
Throughput: 104.23735707916514 processes/minute
Average turnaround time: 0.008487070172157173 minutes/process
Average waiting time: 0.0033888801411671894 minutes/process
