SJF_Output_alpha=1
pro0 enter in ready queue
pro1 enter in ready queue
pro2 enter in ready queue
pro3 enter in ready queue
pro4 enter in ready queue
pro5 enter in ready queue
pro6 enter in ready queue
pro7 enter in ready queue
pro8 enter in ready queue
pro9 enter in ready queue
Process0leaving readyQueue at: 0.0
Process0entering IOQueue at: 90.0
Process2leaving readyQueue at: 90.0
pro0 enter ready queue
Process2entering IOQueue at: 190.0
Process6leaving readyQueue at: 190.0
pro2 enter ready queue
Process6entering IOQueue at: 310.0
Process9leaving readyQueue at: 310.0
Process8leaving readyQueue at: 329.11795113893055
pro6 enter ready queue
Process8entering IOQueue at: 459.11795113893055
Process5leaving readyQueue at: 459.11795113893055
pro8 enter ready queue
Process5entering IOQueue at: 574.1179511389305
Process7leaving readyQueue at: 574.1179511389305
pro5 enter ready queue
Process7entering IOQueue at: 699.1179511389305
Process1leaving readyQueue at: 699.1179511389305
Process1entering IOQueue at: 794.1179511389305
Process4leaving readyQueue at: 794.1179511389305
pro7 enter ready queue
Process4entering IOQueue at: 904.1179511389305
Process3leaving readyQueue at: 904.1179511389305
pro1 enter ready queue
Process3entering IOQueue at: 1009.1179511389305
Process1leaving readyQueue at: 1009.1179511389305
pro4 enter ready queue
pro3 enter ready queue
Process1entering IOQueue at: 1199.1179511389305
Process3leaving readyQueue at: 1199.1179511389305
Process3entering IOQueue at: 1409.1179511389305
Process0leaving readyQueue at: 1409.1179511389305
pro1 enter ready queue
Process0entering IOQueue at: 1589.1179511389305
Process1leaving readyQueue at: 1589.1179511389305
pro3 enter ready queue
Process1entering IOQueue at: 1874.1179511389305
Process2leaving readyQueue at: 1874.1179511389305
pro0 enter ready queue
Process2entering IOQueue at: 2074.1179511389305
Process0leaving readyQueue at: 2074.1179511389305
pro1 enter ready queue
pro2 enter ready queue
Process0entering IOQueue at: 2344.1179511389305
Process2leaving readyQueue at: 2344.1179511389305
Process4leaving readyQueue at: 2573.240696187911
Process4entering IOQueue at: 2793.240696187911
Process5leaving readyQueue at: 2793.240696187911
Process6leaving readyQueue at: 2793.240696187911
pro0 enter ready queue
pro4 enter ready queue
Process6entering IOQueue at: 3033.240696187911
Process4leaving readyQueue at: 3033.240696187911
pro6 enter ready queue
Process4entering IOQueue at: 3363.240696187911
Process6leaving readyQueue at: 3363.240696187911
pro4 enter ready queue
Process6entering IOQueue at: 3723.240696187911
Process7leaving readyQueue at: 3723.240696187911
pro6 enter ready queue
Process7entering IOQueue at: 3973.240696187911
Process8leaving readyQueue at: 3973.240696187911
pro7 enter ready queue
Process8entering IOQueue at: 4233.240696187911
Process7leaving readyQueue at: 4233.240696187911
pro8 enter ready queue
Process7entering IOQueue at: 4608.240696187911
Process8leaving readyQueue at: 4608.240696187911
pro7 enter ready queue
Process8entering IOQueue at: 4998.240696187911
Process3leaving readyQueue at: 4998.240696187911
Process3entering IOQueue at: 5313.240696187911
Process0leaving readyQueue at: 5313.240696187911
pro8 enter ready queue
Process0entering IOQueue at: 5673.240696187911
Process8leaving readyQueue at: 5673.240696187911
pro3 enter ready queue
pro0 enter ready queue
Process8entering IOQueue at: 6193.240696187911
Process0leaving readyQueue at: 6193.240696187911
Process0entering IOQueue at: 6643.240696187911
Process1leaving readyQueue at: 6643.240696187911
pro8 enter ready queue
Process1entering IOQueue at: 7023.240696187911
Process3leaving readyQueue at: 7023.240696187911
pro0 enter ready queue
Process3entering IOQueue at: 7443.240696187911
Process4leaving readyQueue at: 7443.240696187911
pro1 enter ready queue
Process4entering IOQueue at: 7883.240696187911
Process1leaving readyQueue at: 7883.240696187911
Process6leaving readyQueue at: 8271.268714465687
pro3 enter ready queue
pro4 enter ready queue
Process6entering IOQueue at: 8751.268714465687
Process4leaving readyQueue at: 8751.268714465687
Process7leaving readyQueue at: 9203.72777178275
pro6 enter ready queue
Process7entering IOQueue at: 9703.72777178275
Process6leaving readyQueue at: 9703.72777178275
Process3leaving readyQueue at: 10198.969438340346
Process3entering IOQueue at: 10723.969438340346
Process0leaving readyQueue at: 10723.969438340346
pro7 enter ready queue
Process0entering IOQueue at: 11263.969438340346
Process7leaving readyQueue at: 11263.969438340346
Process8leaving readyQueue at: 11826.675617224479
pro3 enter ready queue
Process3leaving readyQueue at: 12383.279712650332
pro0 enter ready queue
Process0leaving readyQueue at: 12383.279712650332
Process0entering IOQueue at: 13013.279712650332
pro0 enter ready queue
Process0leaving readyQueue at: 13013.279712650332
Process0entering IOQueue at: 13733.279712650332
pro0 enter ready queue
Process0leaving readyQueue at: 13733.279712650332
CPU utilization: 29.5871037193502 %
Throughput: 43.68949097041353 processes/minute
Average turnaround time: 0.04818300020248095 minutes/process
Average waiting time: 0.0030925100133967188 minutes/process
